Token { int } - Position in Symbol Table: {-1, -1} -> RESERVED_WORD
Token { max } - Position in Symbol Table: {0, 0} -> IDENTIFIER
Token { ( } - Position in Symbol Table: {-1, -1} -> SEPARATOR
Token { int } - Position in Symbol Table: {-1, -1} -> RESERVED_WORD
Token { firstNumber } - Position in Symbol Table: {3, 0} -> IDENTIFIER
Token { , } - Position in Symbol Table: {-1, -1} -> SEPARATOR
Token { int } - Position in Symbol Table: {-1, -1} -> RESERVED_WORD
Token { secondNumber } - Position in Symbol Table: {3, 1} -> IDENTIFIER
Token { , } - Position in Symbol Table: {-1, -1} -> SEPARATOR
Token { int } - Position in Symbol Table: {-1, -1} -> RESERVED_WORD
Token { thirdNumber } - Position in Symbol Table: {0, 0} -> IDENTIFIER
Token { ) } - Position in Symbol Table: {-1, -1} -> SEPARATOR
Token { { } - Position in Symbol Table: {-1, -1} -> SEPARATOR
Token { int } - Position in Symbol Table: {-1, -1} -> RESERVED_WORD
Token { max } - Position in Symbol Table: {4, 0} -> IDENTIFIER
Token { = } - Position in Symbol Table: {-1, -1} -> OPERATOR
Token { ; } - Position in Symbol Table: {-1, -1} -> SEPARATOR
Token { / } - Position in Symbol Table: {-1, -1} -> OPERATOR
Token { / } - Position in Symbol Table: {-1, -1} -> OPERATOR
Token { invalid } - Position in Symbol Table: {7, 1} -> IDENTIFIER
Token { integer } - Position in Symbol Table: {6, 0} -> IDENTIFIER
Token { int } - Position in Symbol Table: {-1, -1} -> RESERVED_WORD
Token { = } - Position in Symbol Table: {-1, -1} -> OPERATOR
Token { ; } - Position in Symbol Table: {-1, -1} -> SEPARATOR
Token { string } - Position in Symbol Table: {-1, -1} -> RESERVED_WORD
Token { message } - Position in Symbol Table: {7, 2} -> IDENTIFIER
Token { = } - Position in Symbol Table: {-1, -1} -> OPERATOR

