Token { int } - Position in Symbol Table: {-1, -1} -> RESERVED_WORD
Token { max } - Position in Symbol Table: {0, 0} -> IDENTIFIER
Token { ( } - Position in Symbol Table: {-1, -1} -> SEPARATOR
Token { int } - Position in Symbol Table: {-1, -1} -> RESERVED_WORD
Token { firstNumber } - Position in Symbol Table: {3, 0} -> IDENTIFIER
Token { , } - Position in Symbol Table: {-1, -1} -> SEPARATOR
Token { int } - Position in Symbol Table: {-1, -1} -> RESERVED_WORD
Token { secondNumber } - Position in Symbol Table: {3, 1} -> IDENTIFIER
Token { , } - Position in Symbol Table: {-1, -1} -> SEPARATOR
Token { int } - Position in Symbol Table: {-1, -1} -> RESERVED_WORD
Token { thirdNumber } - Position in Symbol Table: {0, 0} -> IDENTIFIER
Token { ) } - Position in Symbol Table: {-1, -1} -> SEPARATOR
Token { { } - Position in Symbol Table: {-1, -1} -> SEPARATOR
Token { if } - Position in Symbol Table: {-1, -1} -> RESERVED_WORD
Token { ( } - Position in Symbol Table: {-1, -1} -> SEPARATOR
Token { firstNumber } - Position in Symbol Table: {7, 0} -> IDENTIFIER
Token { <= } - Position in Symbol Table: {-1, -1} -> OPERATOR
Token { thirdNumber } - Position in Symbol Table: {0, 0} -> IDENTIFIER
Token { && } - Position in Symbol Table: {-1, -1} -> OPERATOR
Token { secondNumber } - Position in Symbol Table: {3, 0} -> IDENTIFIER
Token { <= } - Position in Symbol Table: {-1, -1} -> OPERATOR
Token { thirdNumber } - Position in Symbol Table: {0, 0} -> IDENTIFIER
Token { ) } - Position in Symbol Table: {-1, -1} -> SEPARATOR
Token { { } - Position in Symbol Table: {-1, -1} -> SEPARATOR
Token { print } - Position in Symbol Table: {-1, -1} -> RESERVED_WORD
Token { ( } - Position in Symbol Table: {-1, -1} -> SEPARATOR
Token { "The maximum number is the first one." } - Position in Symbol Table: {1, 0} -> CONSTANT
Token { ) } - Position in Symbol Table: {-1, -1} -> SEPARATOR
Token { ; } - Position in Symbol Table: {-1, -1} -> SEPARATOR
Token { return } - Position in Symbol Table: {-1, -1} -> RESERVED_WORD
Token { thirdNumber } - Position in Symbol Table: {0, 0} -> IDENTIFIER
Token { ; } - Position in Symbol Table: {-1, -1} -> SEPARATOR
Token { } } - Position in Symbol Table: {-1, -1} -> SEPARATOR
Token { else } - Position in Symbol Table: {-1, -1} -> RESERVED_WORD
Token { if } - Position in Symbol Table: {-1, -1} -> RESERVED_WORD
Token { ( } - Position in Symbol Table: {-1, -1} -> SEPARATOR
Token { firstNumber } - Position in Symbol Table: {7, 0} -> IDENTIFIER
Token { <= } - Position in Symbol Table: {-1, -1} -> OPERATOR
Token { secondNumber } - Position in Symbol Table: {3, 0} -> IDENTIFIER
Token { && } - Position in Symbol Table: {-1, -1} -> OPERATOR
Token { thirdNumber } - Position in Symbol Table: {0, 0} -> IDENTIFIER
Token { <= } - Position in Symbol Table: {-1, -1} -> OPERATOR
Token { secondNumber } - Position in Symbol Table: {3, 0} -> IDENTIFIER
Token { ) } - Position in Symbol Table: {-1, -1} -> SEPARATOR
Token { { } - Position in Symbol Table: {-1, -1} -> SEPARATOR
Token { return } - Position in Symbol Table: {-1, -1} -> RESERVED_WORD
Token { secondNumber } - Position in Symbol Table: {3, 0} -> IDENTIFIER
Token { ; } - Position in Symbol Table: {-1, -1} -> SEPARATOR
Token { } } - Position in Symbol Table: {-1, -1} -> SEPARATOR
Token { else } - Position in Symbol Table: {-1, -1} -> RESERVED_WORD
Token { { } - Position in Symbol Table: {-1, -1} -> SEPARATOR
Token { return } - Position in Symbol Table: {-1, -1} -> RESERVED_WORD
Token { firstNumber } - Position in Symbol Table: {7, 0} -> IDENTIFIER
Token { ; } - Position in Symbol Table: {-1, -1} -> SEPARATOR
Token { } } - Position in Symbol Table: {-1, -1} -> SEPARATOR
Token { } } - Position in Symbol Table: {-1, -1} -> SEPARATOR

