Token { / } - Position in Symbol Table: {-1, -1} -> OPERATOR
Token { / } - Position in Symbol Table: {-1, -1} -> OPERATOR
Token { A } - Position in Symbol Table: {1, 0} -> IDENTIFIER
Token { comment } - Position in Symbol Table: {3, 0} -> IDENTIFIER
Token { int } - Position in Symbol Table: {-1, -1} -> RESERVED_WORD
Token { sum } - Position in Symbol Table: {3, 1} -> IDENTIFIER
Token { ( } - Position in Symbol Table: {-1, -1} -> SEPARATOR
Token { array } - Position in Symbol Table: {-1, -1} -> RESERVED_WORD
Token { < } - Position in Symbol Table: {-1, -1} -> OPERATOR
Token { int } - Position in Symbol Table: {-1, -1} -> RESERVED_WORD
Token { > } - Position in Symbol Table: {-1, -1} -> OPERATOR
Token { numbers } - Position in Symbol Table: {6, 0} -> IDENTIFIER
Token { ) } - Position in Symbol Table: {-1, -1} -> SEPARATOR
Token { { } - Position in Symbol Table: {-1, -1} -> SEPARATOR
Token { int } - Position in Symbol Table: {-1, -1} -> RESERVED_WORD
Token { sum } - Position in Symbol Table: {3, 0} -> IDENTIFIER
Token { = } - Position in Symbol Table: {-1, -1} -> OPERATOR
Token { 0 } - Position in Symbol Table: {0, 0} -> CONSTANT
Token { ; } - Position in Symbol Table: {-1, -1} -> SEPARATOR
Token { for } - Position in Symbol Table: {-1, -1} -> RESERVED_WORD
Token { ( } - Position in Symbol Table: {-1, -1} -> SEPARATOR
Token { int } - Position in Symbol Table: {-1, -1} -> RESERVED_WORD
Token { i } - Position in Symbol Table: {1, 1} -> IDENTIFIER
Token { < } - Position in Symbol Table: {-1, -1} -> OPERATOR
Token { numbers } - Position in Symbol Table: {6, 0} -> IDENTIFIER
Token { . } - Position in Symbol Table: {-1, -1} -> SEPARATOR
Token { size } - Position in Symbol Table: {1, 2} -> IDENTIFIER
Token { ( } - Position in Symbol Table: {-1, -1} -> SEPARATOR
Token { ) } - Position in Symbol Table: {-1, -1} -> SEPARATOR
Token { ; } - Position in Symbol Table: {-1, -1} -> SEPARATOR
Token { i } - Position in Symbol Table: {1, 1} -> IDENTIFIER
Token { ++ } - Position in Symbol Table: {-1, -1} -> OPERATOR
Token { ) } - Position in Symbol Table: {-1, -1} -> SEPARATOR
Token { { } - Position in Symbol Table: {-1, -1} -> SEPARATOR
Token { sum } - Position in Symbol Table: {3, 0} -> IDENTIFIER
Token { += } - Position in Symbol Table: {-1, -1} -> OPERATOR
Token { numbers } - Position in Symbol Table: {6, 0} -> IDENTIFIER
Token { [ } - Position in Symbol Table: {-1, -1} -> SEPARATOR
Token { i } - Position in Symbol Table: {1, 1} -> IDENTIFIER
Token { ] } - Position in Symbol Table: {-1, -1} -> SEPARATOR
Token { ; } - Position in Symbol Table: {-1, -1} -> SEPARATOR
Token { } } - Position in Symbol Table: {-1, -1} -> SEPARATOR
Token { return } - Position in Symbol Table: {-1, -1} -> RESERVED_WORD
Token { sum } - Position in Symbol Table: {3, 0} -> IDENTIFIER
Token { ; } - Position in Symbol Table: {-1, -1} -> SEPARATOR
Token { } } - Position in Symbol Table: {-1, -1} -> SEPARATOR

